<?xml version="1.0" encoding="UTF-8"?>
<!-- Generated by org.testng.reporters.JUnitReportReporter -->
<testsuite hostname="RUPALI" failures="0" tests="1" name="test.LoginPageTest" time="10.102" errors="0" timestamp="2024-09-10T14:26:53 IST" skipped="0">
  <testcase classname="test.LoginPageTest" name="LoginPageTest" time="10.102"/>
  <system-out/>
</testsuite> <!-- test.LoginPageTest -->
